  Actions.cpp
C:\Users\USER\Downloads\Annak_ Manufacture\ReadJson.h(46,41): warning C4267: '=': conversion from 'size_t' to 'int', possible loss of data
C:\Users\USER\Downloads\Annak_ Manufacture\Actions.cpp(13,34): warning C4101: 'e': unreferenced local variable
C:\Users\USER\Downloads\Annak_ Manufacture\Actions.cpp(64,12): warning C4267: 'initializing': conversion from 'size_t' to 'int', possible loss of data
C:\Users\USER\Downloads\Annak_ Manufacture\Actions.cpp(75,13): warning C4267: 'initializing': conversion from 'size_t' to 'int', possible loss of data
  Command.cpp
  Input.cpp
  World.cpp
C:\Users\USER\Downloads\Annak_ Manufacture\ReadJson.h(46,41): warning C4267: '=': conversion from 'size_t' to 'int', possible loss of data
C:\Users\USER\Downloads\Annak_ Manufacture\World.cpp(11,20): warning C4267: '=': conversion from 'size_t' to 'int', possible loss of data
C:\Users\USER\Downloads\Annak_ Manufacture\World.cpp(12,26): warning C4267: '=': conversion from 'size_t' to 'int', possible loss of data
C:\Users\USER\Downloads\Annak_ Manufacture\World.cpp(432,20): warning C4101: 'new_place2': unreferenced local variable
C:\Users\USER\Downloads\Annak_ Manufacture\World.cpp(432,8): warning C4101: 'new_place1': unreferenced local variable
  Annak.cpp
C:\Users\USER\Desktop\רחלי-תכנות\שלב 3\Annak\Annak\ReadJson.h(46,41): warning C4267: '=': conversion from 'size_t' to 'int', possible loss of data
  Generating code
  0 of 2393 functions ( 0.0%) were compiled, the rest were copied from previous compilation.
    0 functions were new in current compilation
    0 functions had inline decision re-evaluated but remain unchanged
  Finished generating code
  Annak.vcxproj -> C:\Users\USER\Desktop\רחלי-תכנות\שלב 3\Annak\x64\Release\Annak.exe
